<?xml version="1.0" encoding="UTF-8"?>
<!-- Generated by org.testng.reporters.JUnitReportReporter -->
<testsuite skipped="0" hostname="DESKTOP-GV9UEPS" name="testNG.ActiTimeLogin" tests="1" failures="0" timestamp="2022-05-31T13:17:17 IST" time="26.244" errors="0">
  <testcase name="m" time="26.244" classname="testNG.ActiTimeLogin"/>
  <system-out/>
</testsuite> <!-- testNG.ActiTimeLogin -->
