<?xml version="1.0" encoding="UTF-8"?>
<!-- Generated by org.testng.reporters.JUnitReportReporter -->
<testsuite skipped="0" hostname="DESKTOP-GV9UEPS" name="testNG.Para06" tests="2" failures="0" timestamp="2022-05-31T13:17:17 IST" time="0.000" errors="0">
  <testcase name="login" time="0.000" classname="testNG.Para06"/>
  <system-out/>
  <testcase name="signin" time="0.000" classname="testNG.Para06"/>
  <system-out/>
</testsuite> <!-- testNG.Para06 -->
