<?xml version="1.0" encoding="UTF-8"?>
<!-- Generated by org.testng.reporters.JUnitReportReporter -->
<testsuite skipped="0" hostname="DESKTOP-GV9UEPS" name="testNG.Para04" tests="3" failures="0" timestamp="2022-05-31T13:17:17 IST" time="0.008" errors="0">
  <testcase name="checkNotification" time="0.000" classname="testNG.Para04"/>
  <system-out/>
  <testcase name="login" time="0.000" classname="testNG.Para04"/>
  <system-out/>
  <testcase name="signIn" time="0.008" classname="testNG.Para04"/>
  <system-out/>
</testsuite> <!-- testNG.Para04 -->
