<?xml version="1.0" encoding="UTF-8"?>
<!-- Generated by org.testng.reporters.JUnitReportReporter -->
<testsuite skipped="0" hostname="DESKTOP-GV9UEPS" name="testNG.NewTest01" tests="1" failures="0" timestamp="2022-05-31T13:17:17 IST" time="0.016" errors="0">
  <testcase name="ram" time="0.016" classname="testNG.NewTest01"/>
  <system-out/>
</testsuite> <!-- testNG.NewTest01 -->
