<?xml version="1.0" encoding="UTF-8"?>
<!-- Generated by org.testng.reporters.JUnitReportReporter -->
<testsuite skipped="0" hostname="DESKTOP-GV9UEPS" name="testNG.NewTest03" tests="2" failures="0" timestamp="2022-05-31T13:17:17 IST" time="2.016" errors="0">
  <testcase name="abc" time="2.016" classname="testNG.NewTest03"/>
  <system-out/>
  <testcase name="ab" time="0.000" classname="testNG.NewTest03"/>
  <system-out/>
</testsuite> <!-- testNG.NewTest03 -->
