<?xml version="1.0" encoding="UTF-8"?>
<!-- Generated by org.testng.reporters.JUnitReportReporter -->
<testsuite hostname="DESKTOP-GV9UEPS" name="testNG.Para06" tests="2" failures="0" timestamp="31 May 2022 09:46:46 GMT" time="0.000" errors="0">
  <testcase name="signin" time="0.000" classname="testNG.Para06"/>
  <testcase name="login" time="0.000" classname="testNG.Para06"/>
</testsuite> <!-- testNG.Para06 -->
