<?xml version="1.0" encoding="UTF-8"?>
<!-- Generated by org.testng.reporters.JUnitReportReporter -->
<testsuite hostname="DESKTOP-GV9UEPS" name="testNG.NewTest01" tests="1" failures="0" timestamp="31 May 2022 09:46:46 GMT" time="0.013" errors="0">
  <testcase name="ram" time="0.013" classname="testNG.NewTest01"/>
</testsuite> <!-- testNG.NewTest01 -->
