<?xml version="1.0" encoding="UTF-8"?>
<!-- Generated by org.testng.reporters.JUnitReportReporter -->
<testsuite hostname="DESKTOP-GV9UEPS" name="testNG.ActiTimeV" tests="1" failures="0" timestamp="31 May 2022 09:46:46 GMT" time="16.744" errors="0">
  <testcase name="actiTimeValidation" time="16.744" classname="testNG.ActiTimeV"/>
</testsuite> <!-- testNG.ActiTimeV -->
