<?xml version="1.0" encoding="UTF-8"?>
<!-- Generated by org.testng.reporters.JUnitReportReporter -->
<testsuite hostname="DESKTOP-GV9UEPS" name="testNG.Para05" tests="3" failures="0" timestamp="31 May 2022 09:46:46 GMT" time="0.522" errors="0">
  <testcase name="login" time="0.000" classname="testNG.Para05"/>
  <testcase name="checkNotification" time="0.521" classname="testNG.Para05"/>
  <testcase name="signIn" time="0.001" classname="testNG.Para05"/>
</testsuite> <!-- testNG.Para05 -->
