<?xml version="1.0" encoding="UTF-8"?>
<!-- Generated by org.testng.reporters.JUnitReportReporter -->
<testsuite hostname="DESKTOP-GV9UEPS" name="testNG.NewTest03" tests="2" failures="0" timestamp="31 May 2022 09:46:46 GMT" time="2.005" errors="0">
  <testcase name="ab" time="0.002" classname="testNG.NewTest03"/>
  <testcase name="abc" time="2.003" classname="testNG.NewTest03"/>
</testsuite> <!-- testNG.NewTest03 -->
