<?xml version="1.0" encoding="UTF-8"?>
<!-- Generated by org.testng.reporters.JUnitReportReporter -->
<testsuite hostname="DESKTOP-GV9UEPS" name="testNG.NewTest04" tests="2" failures="0" timestamp="31 May 2022 09:46:46 GMT" time="0.002" errors="0">
  <testcase name="tc7" time="0.001" classname="testNG.NewTest04"/>
  <testcase name="tc8" time="0.001" classname="testNG.NewTest04"/>
</testsuite> <!-- testNG.NewTest04 -->
