<?xml version="1.0" encoding="UTF-8"?>
<!-- Generated by org.testng.reporters.JUnitReportReporter -->
<testsuite hostname="DESKTOP-GV9UEPS" name="testNG.Para04" tests="3" failures="0" timestamp="31 May 2022 09:46:46 GMT" time="0.002" errors="0">
  <testcase name="checkNotification" time="0.000" classname="testNG.Para04"/>
  <testcase name="login" time="0.001" classname="testNG.Para04"/>
  <testcase name="signIn" time="0.001" classname="testNG.Para04"/>
</testsuite> <!-- testNG.Para04 -->
